<?xml version="1.0" encoding="UTF-8"?>
<!-- Generated by org.testng.reporters.JUnitXMLReporter -->
<testsuite ignored="1" hostname="DESKTOP-OPR8HB1" failures="0" tests="5" name="FormPageTests" time="68.789" errors="0" timestamp="2026-04-25T09:26:46 IST">
  <testcase classname="javaAppiumAutomation.AppiumAutomationProject.FormPageTest" name="testCaseFive" time="0.007"/>
  <testcase classname="javaAppiumAutomation.AppiumAutomationProject.FormPageTest" name="testCaseFour" time="0.002"/>
  <testcase classname="javaAppiumAutomation.AppiumAutomationProject.FormPageTest" name="testCaseThree" time="0.003"/>
  <testcase classname="javaAppiumAutomation.AppiumAutomationProject.FormPageTest" name="testCaseOne" time="0.003"/>
  <testcase classname="javaAppiumAutomation.AppiumAutomationProject.FormPageTest" name="testCaseTwo" time="0.001"/>
  <testcase classname="javaAppiumAutomation.AppiumAutomationProject.FormPageTest" name="login" time="0.0">
    <ignored/>
  </testcase> <!-- login -->
</testsuite> <!-- FormPageTests -->
