<?xml version="1.0" encoding="UTF-8"?>
<!-- Generated by org.testng.reporters.JUnitXMLReporter -->
<testsuite ignored="4" hostname="DESKTOP-OPR8HB1" failures="0" tests="3" name="Test case 2 GENERAL STORE APPLICATION" time="0.019" errors="0" timestamp="2026-02-28T16:37:33 IST">
  <testcase classname="javaAppiumAutomation.AppiumAutomationProject.FormPageTest" name="testCaseFive" time="0.002"/>
  <testcase classname="javaAppiumAutomation.AppiumAutomationProject.FormPageTest" name="testCaseFour" time="0.002"/>
  <testcase classname="javaAppiumAutomation.AppiumAutomationProject.FormPageTest" name="testCaseThree" time="0.002"/>
  <testcase classname="javaAppiumAutomation.AppiumAutomationProject.FormPageTest" name="testCaseOne" time="0.0">
    <ignored/>
  </testcase> <!-- testCaseOne -->
  <testcase classname="javaAppiumAutomation.AppiumAutomationProject.FormPageTest" name="googleSearch" time="0.0">
    <ignored/>
  </testcase> <!-- googleSearch -->
  <testcase classname="javaAppiumAutomation.AppiumAutomationProject.FormPageTest" name="login" time="0.0">
    <ignored/>
  </testcase> <!-- login -->
  <testcase classname="javaAppiumAutomation.AppiumAutomationProject.FormPageTest" name="testCaseTwo" time="0.0">
    <ignored/>
  </testcase> <!-- testCaseTwo -->
</testsuite> <!-- Test case 2 GENERAL STORE APPLICATION -->
