<?xml version="1.0" encoding="UTF-8"?>
<!-- Generated by org.testng.reporters.JUnitXMLReporter -->
<testsuite ignored="3" hostname="DESKTOP-OPR8HB1" failures="0" tests="1" name="Test case 1 API DEMO APPLICATION" time="15.247" errors="0" timestamp="2026-02-28T16:37:33 IST">
  <testcase classname="APiDemosApplicationTest.ApidemosPageTest" name="verifyAllMenuOptions" time="1.785"/>
  <testcase classname="APiDemosApplicationTest.ApidemosPageTest" name="demospageTest" time="0.0">
    <ignored/>
  </testcase> <!-- demospageTest -->
  <testcase classname="APiDemosApplicationTest.ApidemosPageTest" name="verifyMenuOptions" time="0.0">
    <ignored/>
  </testcase> <!-- verifyMenuOptions -->
  <testcase classname="APiDemosApplicationTest.ApidemosPageTest" name="verifyMenuOptions2" time="0.0">
    <ignored/>
  </testcase> <!-- verifyMenuOptions2 -->
</testsuite> <!-- Test case 1 API DEMO APPLICATION -->
