<?xml version="1.0" encoding="UTF-8"?>
<!-- Generated by org.testng.reporters.JUnitReportReporter -->
<testsuite hostname="DESKTOP-OPR8HB1" failures="0" tests="1" name="javaAppiumAutomation.AppiumAutomationProject.ProductCatalogTest" time="71.456" errors="0" timestamp="2026-04-25T09:29:29 IST" skipped="0">
  <testcase classname="javaAppiumAutomation.AppiumAutomationProject.ProductCatalogTest" name="addItemsToCartTest" time="71.456"/>
</testsuite> <!-- javaAppiumAutomation.AppiumAutomationProject.ProductCatalogTest -->
