<?xml version="1.0" encoding="UTF-8"?>
<!-- Generated by org.testng.reporters.JUnitReportReporter -->
<testsuite hostname="DESKTOP-OPR8HB1" failures="0" tests="6" name="javaAppiumAutomation.AppiumAutomationProject.FormPageTest" time="64.140" errors="0" timestamp="2026-04-25T09:26:46 IST" skipped="1">
  <testcase classname="javaAppiumAutomation.AppiumAutomationProject.FormPageTest" name="testCaseFive" time="9.290"/>
  <testcase classname="javaAppiumAutomation.AppiumAutomationProject.FormPageTest" name="testCaseThree" time="33.766"/>
  <testcase classname="javaAppiumAutomation.AppiumAutomationProject.FormPageTest" name="testCaseFour" time="7.005"/>
  <testcase classname="javaAppiumAutomation.AppiumAutomationProject.FormPageTest" name="testCaseOne" time="7.192"/>
  <testcase classname="javaAppiumAutomation.AppiumAutomationProject.FormPageTest" name="testCaseTwo" time="6.887"/>
  <testcase classname="javaAppiumAutomation.AppiumAutomationProject.FormPageTest" name="login">
    <skipped/>
  </testcase> <!-- login -->
</testsuite> <!-- javaAppiumAutomation.AppiumAutomationProject.FormPageTest -->
