<?xml version="1.0" encoding="UTF-8"?>
<!-- Generated by org.testng.reporters.JUnitReportReporter -->
<testsuite hostname="DESKTOP-OPR8HB1" failures="0" tests="1" name="javaAppiumAutomation.AppiumAutomationProject.FormPageTest2Website" time="14.169" errors="0" timestamp="2026-02-28T18:01:32 IST" skipped="0">
  <testcase classname="javaAppiumAutomation.AppiumAutomationProject.FormPageTest2Website" name="googleSearch" time="14.169"/>
</testsuite> <!-- javaAppiumAutomation.AppiumAutomationProject.FormPageTest2Website -->
