<?xml version="1.0" encoding="UTF-8"?>
<!-- Generated by org.testng.reporters.JUnitReportReporter -->
<testsuite hostname="DESKTOP-OPR8HB1" failures="0" tests="1" name="javaAppiumAutomation.AppiumAutomationProject.ProductCatalogTest2_Activity" time="8.680" errors="0" timestamp="2026-02-28T11:05:04 IST" skipped="0">
  <testcase classname="javaAppiumAutomation.AppiumAutomationProject.ProductCatalogTest2_Activity" name="addItemsToCartTest" time="8.680"/>
</testsuite> <!-- javaAppiumAutomation.AppiumAutomationProject.ProductCatalogTest2_Activity -->
