<?xml version="1.0" encoding="UTF-8"?>
<testng-results ignored="0" total="1" passed="1" failed="0" skipped="0">
  <reporter-output>
  </reporter-output>
  <suite started-at="2026-04-25T09:28:13 IST" name="Default suite" finished-at="2026-04-25T09:29:29 IST" duration-ms="76031">
    <groups>
    </groups>
    <test started-at="2026-04-25T09:28:13 IST" name="Default test" finished-at="2026-04-25T09:29:29 IST" duration-ms="76031">
      <class name="javaAppiumAutomation.AppiumAutomationProject.ProductCatalogTest">
        <test-method is-config="true" signature="startServer()[pri:0, instance:javaAppiumAutomation.AppiumAutomationProject.ProductCatalogTest@4116aac9]" started-at="2026-04-25T09:28:13 IST" name="startServer" finished-at="2026-04-25T09:28:17 IST" duration-ms="4437" status="PASS">
          <reporter-output>
          </reporter-output>
        </test-method> <!-- startServer -->
        <test-method is-config="true" signature="setUp()[pri:0, instance:javaAppiumAutomation.AppiumAutomationProject.ProductCatalogTest@4116aac9]" started-at="2026-04-25T09:28:17 IST" name="setUp" finished-at="2026-04-25T09:28:26 IST" duration-ms="8775" status="PASS">
          <reporter-output>
          </reporter-output>
        </test-method> <!-- setUp -->
        <test-method is-config="true" signature="prepareTest()[pri:0, instance:javaAppiumAutomation.AppiumAutomationProject.ProductCatalogTest@4116aac9]" started-at="2026-04-25T09:28:26 IST" name="prepareTest" finished-at="2026-04-25T09:28:28 IST" duration-ms="1512" status="PASS">
          <reporter-output>
          </reporter-output>
        </test-method> <!-- prepareTest -->
        <test-method signature="addItemsToCartTest()[pri:0, instance:javaAppiumAutomation.AppiumAutomationProject.ProductCatalogTest@4116aac9]" started-at="2026-04-25T09:28:28 IST" name="addItemsToCartTest" finished-at="2026-04-25T09:29:28 IST" duration-ms="59988" status="PASS">
          <reporter-output>
          </reporter-output>
        </test-method> <!-- addItemsToCartTest -->
        <test-method is-config="true" signature="tearDown()[pri:0, instance:javaAppiumAutomation.AppiumAutomationProject.ProductCatalogTest@4116aac9]" started-at="2026-04-25T09:29:28 IST" name="tearDown" finished-at="2026-04-25T09:29:29 IST" duration-ms="1181" status="PASS">
          <reporter-output>
          </reporter-output>
        </test-method> <!-- tearDown -->
        <test-method is-config="true" signature="stopServer()[pri:0, instance:javaAppiumAutomation.AppiumAutomationProject.ProductCatalogTest@4116aac9]" started-at="2026-04-25T09:29:29 IST" name="stopServer" finished-at="2026-04-25T09:29:29 IST" duration-ms="9" status="PASS">
          <reporter-output>
          </reporter-output>
        </test-method> <!-- stopServer -->
      </class> <!-- javaAppiumAutomation.AppiumAutomationProject.ProductCatalogTest -->
    </test> <!-- Default test -->
  </suite> <!-- Default suite -->
</testng-results>
